Determining if the pthread_create exist failed with the following output:
Change Dir: /home/flexiblelaboac/catkin_ws/src/leptrino_force_torque/cmake-build-debug/CMakeFiles/CMakeTmp

Run Build Command:"/usr/bin/make" "cmTC_90466/fast"
/usr/bin/make -f CMakeFiles/cmTC_90466.dir/build.make CMakeFiles/cmTC_90466.dir/build
make[1]: Entering directory '/home/flexiblelaboac/catkin_ws/src/leptrino_force_torque/cmake-build-debug/CMakeFiles/CMakeTmp'
Building C object CMakeFiles/cmTC_90466.dir/CheckSymbolExists.c.o
/usr/bin/cc    -o CMakeFiles/cmTC_90466.dir/CheckSymbolExists.c.o   -c /home/flexiblelaboac/catkin_ws/src/leptrino_force_torque/cmake-build-debug/CMakeFiles/CMakeTmp/CheckSymbolExists.c
Linking C executable cmTC_90466
/opt/clion-2018.3.2/bin/cmake/linux/bin/cmake -E cmake_link_script CMakeFiles/cmTC_90466.dir/link.txt --verbose=1
/usr/bin/cc      -rdynamic CMakeFiles/cmTC_90466.dir/CheckSymbolExists.c.o  -o cmTC_90466 
CMakeFiles/cmTC_90466.dir/CheckSymbolExists.c.o: In function `main':
CheckSymbolExists.c:(.text+0x16): undefined reference to `pthread_create'
collect2: error: ld returned 1 exit status
CMakeFiles/cmTC_90466.dir/build.make:86: recipe for target 'cmTC_90466' failed
make[1]: *** [cmTC_90466] Error 1
make[1]: Leaving directory '/home/flexiblelaboac/catkin_ws/src/leptrino_force_torque/cmake-build-debug/CMakeFiles/CMakeTmp'
Makefile:121: recipe for target 'cmTC_90466/fast' failed
make: *** [cmTC_90466/fast] Error 2

File /home/flexiblelaboac/catkin_ws/src/leptrino_force_torque/cmake-build-debug/CMakeFiles/CMakeTmp/CheckSymbolExists.c:
/* */
#include <pthread.h>

int main(int argc, char** argv)
{
  (void)argv;
#ifndef pthread_create
  return ((int*)(&pthread_create))[argc];
#else
  (void)argc;
  return 0;
#endif
}

Determining if the function pthread_create exists in the pthreads failed with the following output:
Change Dir: /home/flexiblelaboac/catkin_ws/src/leptrino_force_torque/cmake-build-debug/CMakeFiles/CMakeTmp

Run Build Command:"/usr/bin/make" "cmTC_5923c/fast"
/usr/bin/make -f CMakeFiles/cmTC_5923c.dir/build.make CMakeFiles/cmTC_5923c.dir/build
make[1]: Entering directory '/home/flexiblelaboac/catkin_ws/src/leptrino_force_torque/cmake-build-debug/CMakeFiles/CMakeTmp'
Building C object CMakeFiles/cmTC_5923c.dir/CheckFunctionExists.c.o
/usr/bin/cc   -DCHECK_FUNCTION_EXISTS=pthread_create   -o CMakeFiles/cmTC_5923c.dir/CheckFunctionExists.c.o   -c /opt/clion-2018.3.2/bin/cmake/linux/share/cmake-3.13/Modules/CheckFunctionExists.c
Linking C executable cmTC_5923c
/opt/clion-2018.3.2/bin/cmake/linux/bin/cmake -E cmake_link_script CMakeFiles/cmTC_5923c.dir/link.txt --verbose=1
/usr/bin/cc  -DCHECK_FUNCTION_EXISTS=pthread_create    -rdynamic CMakeFiles/cmTC_5923c.dir/CheckFunctionExists.c.o  -o cmTC_5923c -lpthreads 
/usr/bin/ld: cannot find -lpthreads
collect2: error: ld returned 1 exit status
CMakeFiles/cmTC_5923c.dir/build.make:86: recipe for target 'cmTC_5923c' failed
make[1]: *** [cmTC_5923c] Error 1
make[1]: Leaving directory '/home/flexiblelaboac/catkin_ws/src/leptrino_force_torque/cmake-build-debug/CMakeFiles/CMakeTmp'
Makefile:121: recipe for target 'cmTC_5923c/fast' failed
make: *** [cmTC_5923c/fast] Error 2


